c:\users\ambkh\downloads\openvr-driver-for-diy-master\openvr-driver-for-diy-master\openvr\samples\driver_sample\x64\debug\vc143.pdb
c:\users\ambkh\downloads\openvr-driver-for-diy-master\openvr-driver-for-diy-master\openvr\samples\driver_sample\x64\debug\vc143.idb
c:\users\ambkh\downloads\openvr-driver-for-diy-master\openvr-driver-for-diy-master\openvr\samples\driver_sample\x64\debug\driver_sample.obj
c:\users\ambkh\downloads\openvr-driver-for-diy-master\openvr-driver-for-diy-master\openvr\samples\driver_sample\x64\debug\driverlog.obj
c:\users\ambkh\downloads\openvr-driver-for-diy-master\openvr-driver-for-diy-master\openvr\samples\driver_sample\x64\debug\cwatchdogdriver_sample.obj
c:\users\ambkh\downloads\openvr-driver-for-diy-master\openvr-driver-for-diy-master\openvr\samples\driver_sample\x64\debug\cserverdriver_sample.obj
c:\users\ambkh\downloads\openvr-driver-for-diy-master\openvr-driver-for-diy-master\openvr\samples\driver_sample\x64\debug\csampledevicedriver.obj
c:\users\ambkh\downloads\openvr-driver-for-diy-master\openvr-driver-for-diy-master\openvr\samples\driver_sample\x64\debug\csamplecontrollerdriver.obj
c:\users\ambkh\downloads\openvr-driver-for-diy-master\openvr-driver-for-diy-master\openvr\samples\driver_sample\x64\debug\basics.obj
c:\users\ambkh\downloads\openvr-driver-for-diy-master\openvr-driver-for-diy-master\openvr\samples\driver_sample\bin\drivers\sample\bin\win64\driver_sample.lib
c:\users\ambkh\downloads\openvr-driver-for-diy-master\openvr-driver-for-diy-master\openvr\samples\driver_sample\bin\drivers\sample\bin\win64\driver_sample.exp
c:\users\ambkh\downloads\openvr-driver-for-diy-master\openvr-driver-for-diy-master\openvr\samples\driver_sample\x64\debug\driver_sample.ilk
c:\users\ambkh\downloads\openvr-driver-for-diy-master\openvr-driver-for-diy-master\openvr\samples\driver_sample\bin\drivers\sample\bin\win64\driver_sample.dll
c:\users\ambkh\downloads\openvr-driver-for-diy-master\openvr-driver-for-diy-master\openvr\samples\driver_sample\bin\drivers\sample\bin\win64\driver_sample.pdb
c:\users\ambkh\downloads\openvr-driver-for-diy-master\openvr-driver-for-diy-master\openvr\samples\driver_sample\\bin\drivers\sample\bin\win64\driver_sample.pdb
c:\users\ambkh\downloads\openvr-driver-for-diy-master\openvr-driver-for-diy-master\openvr\samples\driver_sample\x64\debug\driver_sample.tlog\cl.command.1.tlog
c:\users\ambkh\downloads\openvr-driver-for-diy-master\openvr-driver-for-diy-master\openvr\samples\driver_sample\x64\debug\driver_sample.tlog\cl.items.tlog
c:\users\ambkh\downloads\openvr-driver-for-diy-master\openvr-driver-for-diy-master\openvr\samples\driver_sample\x64\debug\driver_sample.tlog\cl.read.1.tlog
c:\users\ambkh\downloads\openvr-driver-for-diy-master\openvr-driver-for-diy-master\openvr\samples\driver_sample\x64\debug\driver_sample.tlog\cl.write.1.tlog
c:\users\ambkh\downloads\openvr-driver-for-diy-master\openvr-driver-for-diy-master\openvr\samples\driver_sample\x64\debug\driver_sample.tlog\link.command.1.tlog
c:\users\ambkh\downloads\openvr-driver-for-diy-master\openvr-driver-for-diy-master\openvr\samples\driver_sample\x64\debug\driver_sample.tlog\link.read.1.tlog
c:\users\ambkh\downloads\openvr-driver-for-diy-master\openvr-driver-for-diy-master\openvr\samples\driver_sample\x64\debug\driver_sample.tlog\link.write.1.tlog
c:\users\ambkh\downloads\openvr-driver-for-diy-master\openvr-driver-for-diy-master\openvr\samples\driver_sample\x64\debug\driver_sample.tlog\link.write.2u.tlog
